
=====================================================================
This module is only for creating or activating Python environments:
$ mamba create -n myenv -c conda-forge python=3 <package_name>
$ source activate myenv

Only run "pip install" after activating an environment.
Running pip without activating an environment is known to cause issues.

To list available environments:
$ mamba info --envs

Other uses are not tested. More info: https://links.asu.edu/solpy
=====================================================================

  
ERROR: Could not find a version that satisfies the requirement pytorch==0.4.1 (from versions: 0.1.2, 1.0.2)
ERROR: No matching distribution found for pytorch==0.4.1
/scratch/smehta90/upernet_chestxdet/semantic-segmentation-pytorch/train.py:266: DeprecationWarning: distutils Version classes are deprecated. Use packaging.version instead.
  assert LooseVersion(torch.__version__) >= LooseVersion('0.4.0'), \
Traceback (most recent call last):
  File "/scratch/smehta90/upernet_chestxdet/semantic-segmentation-pytorch/train.py", line 330, in <module>
    main(cfg, gpus)
  File "/scratch/smehta90/upernet_chestxdet/semantic-segmentation-pytorch/train.py", line 260, in main
    validate(segmentation_module, cfg, epoch+1)
  File "/home/smehta90/.conda/envs/upernet_env/lib/python3.12/site-packages/torch/utils/_contextlib.py", line 120, in decorate_context
    return func(*args, **kwargs)
           ^^^^^^^^^^^^^^^^^^^^^
  File "/scratch/smehta90/upernet_chestxdet/semantic-segmentation-pytorch/train.py", line 124, in validate
    pred = segmentation_module(sample, segSize=segSize)
           ^^^^^^^^^^^^^^^^^^^^^^^^^^^^^^^^^^^^^^^^^^^^
  File "/home/smehta90/.conda/envs/upernet_env/lib/python3.12/site-packages/torch/nn/modules/module.py", line 1775, in _wrapped_call_impl
    return self._call_impl(*args, **kwargs)
           ^^^^^^^^^^^^^^^^^^^^^^^^^^^^^^^^
  File "/home/smehta90/.conda/envs/upernet_env/lib/python3.12/site-packages/torch/nn/modules/module.py", line 1786, in _call_impl
    return forward_call(*args, **kwargs)
           ^^^^^^^^^^^^^^^^^^^^^^^^^^^^^
  File "/scratch/smehta90/upernet_chestxdet/semantic-segmentation-pytorch/mit_semseg/models/models.py", line 54, in forward
    pred = self.decoder(self.encoder(feed_dict['img_data'], return_feature_maps=True), segSize=segSize)
                        ^^^^^^^^^^^^^^^^^^^^^^^^^^^^^^^^^^^^^^^^^^^^^^^^^^^^^^^^^^^^^
  File "/home/smehta90/.conda/envs/upernet_env/lib/python3.12/site-packages/torch/nn/modules/module.py", line 1775, in _wrapped_call_impl
    return self._call_impl(*args, **kwargs)
           ^^^^^^^^^^^^^^^^^^^^^^^^^^^^^^^^
  File "/home/smehta90/.conda/envs/upernet_env/lib/python3.12/site-packages/torch/nn/modules/module.py", line 1786, in _call_impl
    return forward_call(*args, **kwargs)
           ^^^^^^^^^^^^^^^^^^^^^^^^^^^^^
  File "/scratch/smehta90/upernet_chestxdet/semantic-segmentation-pytorch/mit_semseg/models/models.py", line 201, in forward
    x = self.relu1(self.bn1(self.conv1(x)))
                            ^^^^^^^^^^^^^
  File "/home/smehta90/.conda/envs/upernet_env/lib/python3.12/site-packages/torch/nn/modules/module.py", line 1775, in _wrapped_call_impl
    return self._call_impl(*args, **kwargs)
           ^^^^^^^^^^^^^^^^^^^^^^^^^^^^^^^^
  File "/home/smehta90/.conda/envs/upernet_env/lib/python3.12/site-packages/torch/nn/modules/module.py", line 1786, in _call_impl
    return forward_call(*args, **kwargs)
           ^^^^^^^^^^^^^^^^^^^^^^^^^^^^^
  File "/home/smehta90/.conda/envs/upernet_env/lib/python3.12/site-packages/torch/nn/modules/conv.py", line 548, in forward
    return self._conv_forward(input, self.weight, self.bias)
           ^^^^^^^^^^^^^^^^^^^^^^^^^^^^^^^^^^^^^^^^^^^^^^^^^
  File "/home/smehta90/.conda/envs/upernet_env/lib/python3.12/site-packages/torch/nn/modules/conv.py", line 543, in _conv_forward
    return F.conv2d(
           ^^^^^^^^^
TypeError: conv2d() received an invalid combination of arguments - got (list, Parameter, NoneType, tuple, tuple, tuple, int), but expected one of:
 * (Tensor input, Tensor weight, Tensor bias = None, tuple of ints stride = 1, tuple of ints padding = 0, tuple of ints dilation = 1, int groups = 1)
      didn't match because some of the arguments have invalid types: (!list of [Tensor, Tensor, Tensor]!, !Parameter!, !NoneType!, !tuple of (int, int)!, !tuple of (int, int)!, !tuple of (int, int)!, !int!)
 * (Tensor input, Tensor weight, Tensor bias = None, tuple of ints stride = 1, str padding = "valid", tuple of ints dilation = 1, int groups = 1)
      didn't match because some of the arguments have invalid types: (!list of [Tensor, Tensor, Tensor]!, !Parameter!, !NoneType!, !tuple of (int, int)!, !tuple of (int, int)!, !tuple of (int, int)!, !int!)

