
=====================================================================
This module is only for creating or activating Python environments:
$ mamba create -n myenv -c conda-forge python=3 <package_name>
$ source activate myenv

Only run "pip install" after activating an environment.
Running pip without activating an environment is known to cause issues.

To list available environments:
$ mamba info --envs

Other uses are not tested. More info: https://links.asu.edu/solpy
=====================================================================

  
ERROR: Could not find a version that satisfies the requirement pytorch==0.4.1 (from versions: 0.1.2, 1.0.2)
ERROR: No matching distribution found for pytorch==0.4.1
/scratch/smehta90/upernet_chestxdet/semantic-segmentation-pytorch/train.py:257: DeprecationWarning: distutils Version classes are deprecated. Use packaging.version instead.
  assert LooseVersion(torch.__version__) >= LooseVersion('0.4.0'), \
Traceback (most recent call last):
  File "/scratch/smehta90/upernet_chestxdet/semantic-segmentation-pytorch/train.py", line 284, in <module>
    cfg.merge_from_list(args.opts)
  File "/home/smehta90/.conda/envs/upernet_env/lib/python3.12/site-packages/yacs/config.py", line 243, in merge_from_list
    _assert_with_logging(subkey in d, "Non-existent key: {}".format(full_key))
  File "/home/smehta90/.conda/envs/upernet_env/lib/python3.12/site-packages/yacs/config.py", line 545, in _assert_with_logging
    assert cond, msg
           ^^^^
AssertionError: Non-existent key: TRAIN.saved_iter
