
=====================================================================
This module is only for creating or activating Python environments:
$ mamba create -n myenv -c conda-forge python=3 <package_name>
$ source activate myenv

Only run "pip install" after activating an environment.
Running pip without activating an environment is known to cause issues.

To list available environments:
$ mamba info --envs

Other uses are not tested. More info: https://links.asu.edu/solpy
=====================================================================

  
ERROR: Could not find a version that satisfies the requirement pytorch==0.4.1 (from versions: 0.1.2, 1.0.2)
ERROR: No matching distribution found for pytorch==0.4.1
/scratch/smehta90/upernet_chestxdet/semantic-segmentation-pytorch/train.py:309: DeprecationWarning: distutils Version classes are deprecated. Use packaging.version instead.
  assert LooseVersion(torch.__version__) >= LooseVersion('0.4.0'), \
Traceback (most recent call last):
  File "/scratch/smehta90/upernet_chestxdet/semantic-segmentation-pytorch/train.py", line 373, in <module>
    main(cfg, gpus)
  File "/scratch/smehta90/upernet_chestxdet/semantic-segmentation-pytorch/train.py", line 233, in main
    net_encoder = ModelBuilder.build_encoder(
                  ^^^^^^^^^^^^^^^^^^^^^^^^^^^
  File "/scratch/smehta90/upernet_chestxdet/semantic-segmentation-pytorch/mit_semseg/models/models.py", line 117, in build_encoder
    torch.load(weights, map_location=lambda storage, loc: storage), strict=False)
    ^^^^^^^^^^^^^^^^^^^^^^^^^^^^^^^^^^^^^^^^^^^^^^^^^^^^^^^^^^^^^^
  File "/home/smehta90/.conda/envs/upernet_env/lib/python3.12/site-packages/torch/serialization.py", line 1484, in load
    with _open_file_like(f, "rb") as opened_file:
         ^^^^^^^^^^^^^^^^^^^^^^^^
  File "/home/smehta90/.conda/envs/upernet_env/lib/python3.12/site-packages/torch/serialization.py", line 759, in _open_file_like
    return _open_file(name_or_buffer, mode)
           ^^^^^^^^^^^^^^^^^^^^^^^^^^^^^^^^
  File "/home/smehta90/.conda/envs/upernet_env/lib/python3.12/site-packages/torch/serialization.py", line 740, in __init__
    super().__init__(open(name, mode))
                     ^^^^^^^^^^^^^^^^
FileNotFoundError: [Errno 2] No such file or directory: 'pretrained/resnet50_torchvision.pth'
