Requirement already satisfied: yacs in /home/smehta90/.conda/envs/upernet_env/lib/python3.12/site-packages (0.1.8)
Requirement already satisfied: tqdm in /home/smehta90/.conda/envs/upernet_env/lib/python3.12/site-packages (4.67.1)
Requirement already satisfied: opencv-python in /home/smehta90/.conda/envs/upernet_env/lib/python3.12/site-packages (4.12.0.88)
Requirement already satisfied: numpy in /home/smehta90/.conda/envs/upernet_env/lib/python3.12/site-packages (from -r requirements.txt (line 1)) (2.2.6)
Requirement already satisfied: scipy in /home/smehta90/.conda/envs/upernet_env/lib/python3.12/site-packages (from -r requirements.txt (line 2)) (1.16.3)
[2025-11-05 00:23:54,579 INFO train.py line 340 2646481] Loaded configuration file config/chestxdet-resnet50-upernet.yaml
[2025-11-05 00:23:54,582 INFO train.py line 341 2646481] Running with config:
DATASET:
  imgMaxSize: 1200
  imgSizes: (300, 450, 600)
  list_train: data/chestxdet/lists/train.odgt
  list_val: data/chestxdet/lists/val.odgt
  num_class: 14
  padding_constant: 32
  random_flip: True
  root_dataset: .
  segm_downsampling_rate: 8
DIR: ckpt/chestxdet-resnet50-upernet
MODEL:
  arch_decoder: upernet
  arch_encoder: resnet50
  fc_dim: 2048
  weights_decoder: 
  weights_encoder: 
TEST:
  batch_size: 1
  checkpoint: epoch_20.pth
  result: ./
TRAIN:
  batch_size_per_gpu: 1
  beta1: 0.9
  deep_sup_scale: 0.4
  disp_iter: 50
  epoch_iters: 50
  fix_bn: False
  lr_decoder: 0.01
  lr_encoder: 0.002
  lr_pow: 0.9
  num_epoch: 1
  optim: SGD
  seed: 1337
  start_epoch: 0
  weight_decay: 0.0001
  workers: 4
VAL:
  batch_size: 1
  checkpoint: epoch_20.pth
  visualize: False
[2025-11-05 00:23:54,585 INFO train.py line 346 2646481] Outputing checkpoints to: ckpt/chestxdet-resnet50-upernet
# samples: 2420
1 Epoch = 50 iters
Epoch: [1][0/50], Time: 2.78, Data: 0.00, lr_encoder: 0.002000, lr_decoder: 0.010000, Accuracy: 26.48, Loss: 2.266794
Saving checkpoints...

Running validation after epoch 1 ...
# samples: 605
Val [0/605]: Dice=0.0000, IoU=0.0000
Val [100/605]: Dice=0.0712, IoU=0.0383
Val [200/605]: Dice=0.0000, IoU=0.0000
Val [300/605]: Dice=0.0000, IoU=0.0000
Val [400/605]: Dice=0.0000, IoU=0.0000
Val [500/605]: Dice=0.0000, IoU=0.0000
Val [600/605]: Dice=0.0000, IoU=0.0000

Epoch 1 validation results: mean Dice=0.0091, mean IoU=0.0057

Training Done!
Saved final model to ckpt/chestxdet-resnet50-upernet/model_final.pth
